2025-06-22 10:49:45,637 - appLogger - INFO - Iniciando scrappeo a megacaribehabautopista.enzona.net.
2025-06-22 10:50:05,026 - INFO - Iniciando scrappeo a megacaribehabautopista.enzona.net.
2025-06-22 10:50:51,708 - INFO - Iniciando scrappeo a megacaribehabautopista.enzona.net.
2025-06-22 10:51:13,700 - INFO - Iniciando scrappeo a megacaribehabautopista.enzona.net.
2025-06-22 10:51:15,003 - INFO - Productos encontrados: - (CHICKEN FLAVOUR INSTANT NOODLES) SOPA INSTANTÁNEA DE FIDEOS S/POLLO 65G M/REDBEAR M/
2025-06-22 10:51:15,003 - INFO - Notificando sobre los productos encontrados a `https://ntfy.sh/`.
2025-06-22 10:52:19,603 - INFO - Iniciando scrappeo a megacaribehabautopista.enzona.net.
2025-06-22 10:52:20,718 - INFO - Productos encontrados: - (CHICKEN FLAVOUR INSTANT NOODLES) SOPA INSTANTÁNEA DE FIDEOS S/POLLO 65G M/REDBEAR M/
2025-06-22 10:52:20,718 - INFO - Notificando sobre los productos encontrados a `https://ntfy.sh/`.
2025-06-22 10:54:56,127 - INFO - Iniciando scrappeo a megacaribehabautopista.enzona.net
2025-06-22 10:54:57,397 - INFO - Productos encontrados: (CHICKEN FLAVOUR INSTANT NOODLES) SOPA INSTANTÁNEA DE FIDEOS S/POLLO 65G M/REDBEAR M/
2025-06-22 10:54:57,397 - INFO - Notificando sobre los productos encontrados a `https://ntfy.sh/`
2025-06-22 10:55:41,925 - INFO - Iniciando scrappeo a megacaribehabautopista.enzona.net
2025-06-22 10:55:42,879 - INFO - Productos encontrados: (CHICKEN FLAVOUR INSTANT NOODLES) SOPA INSTANTÁNEA DE FIDEOS S/POLLO 65G M/REDBEAR M/
2025-06-22 10:55:42,879 - INFO - Notificando sobre los productos encontrados a `https://ntfy.sh/`
2025-06-22 10:59:16,465 - INFO - Iniciando scrappeo a megacaribehabautopista.enzona.net
2025-06-22 11:02:26,184 - INFO - Iniciando scrappeo a megacaribehabautopista.enzona.net
2025-06-22 11:02:26,772 - INFO - Productos encontrados: (CHICKEN FLAVOUR INSTANT NOODLES) SOPA INSTANTÁNEA DE FIDEOS S/POLLO 65G M/REDBEAR M/
2025-06-22 11:02:26,772 - INFO - Notificando sobre los productos encontrados a `https://ntfy.sh/`
2025-06-22 11:04:31,564 - INFO - Iniciando scrappeo a megacaribehabautopista.enzona.net
2025-06-22 11:04:51,585 - ERROR - Algo salio mal en la request a https://megacaribehabautopista.enzona.net/: HTTPSConnectionPool(host='megacaribehabautopista.enzona.net', port=443): Max retries exceeded with url: / (Caused by NameResolutionError("<urllib3.connection.HTTPSConnection object at 0x7b241e44d280>: Failed to resolve 'megacaribehabautopista.enzona.net' ([Errno -3] Temporary failure in name resolution)"))
2025-06-22 11:07:04,652 - INFO - Iniciando scrappeo a megacaribehabautopista.enzona.net
2025-06-22 11:07:06,060 - INFO - Productos encontrados: (CHICKEN FLAVOUR INSTANT NOODLES) SOPA INSTANTÁNEA DE FIDEOS S/POLLO 65G M/REDBEAR M/
2025-06-22 11:07:06,060 - INFO - Notificando sobre los productos encontrados a `https://ntfy.sh/`
2025-06-22 11:07:24,183 - INFO - Iniciando scrappeo a megacaribehabautopista.enzona.net
2025-06-22 11:07:34,858 - ERROR - Algo salio mal en la request a https://megacaribehabautopista.enzona.net/: HTTPSConnectionPool(host='megacaribehabautopista.enzona.net', port=443): Read timed out. (read timeout=10)
2025-06-22 11:07:44,618 - INFO - Iniciando scrappeo a megacaribehabautopista.enzona.net
2025-06-22 11:07:45,978 - INFO - No se encontro pollo aun :c
2025-06-22 11:07:55,383 - INFO - Iniciando scrappeo a megacaribehabautopista.enzona.net
2025-06-22 11:07:56,540 - INFO - Productos encontrados: (CHICKEN SHRIMP FLAVOUR INSTANT NOODLES) SOPA INSTANTÁNEA DE FIDEOS S/CAMARÓN Y POLLO 65G M/REDBEAR M/,(CHICKEN FLAVOUR INSTANT NOODLES) SOPA INSTANTÁNEA DE FIDEOS S/POLLO 65G M/REDBEAR M/,POLLO ENTERO 10 X 1700GR M/VIMA
2025-06-22 11:07:56,541 - INFO - Notificando sobre los productos encontrados a `https://ntfy.sh/`
2025-06-22 11:10:05,207 - INFO - Iniciando scrappeo a megacaribehabautopista.enzona.net
2025-06-22 11:10:06,253 - INFO - Productos encontrados: (CHICKEN FLAVOUR INSTANT NOODLES) SOPA INSTANTÁNEA DE FIDEOS S/POLLO 65G M/REDBEAR M/,POLLO ENTERO 10 X 1700GR M/VIMA,(CHICKEN SHRIMP FLAVOUR INSTANT NOODLES) SOPA INSTANTÁNEA DE FIDEOS S/CAMARÓN Y POLLO 65G M/REDBEAR M/
2025-06-22 11:10:06,253 - INFO - Notificando sobre los productos encontrados a `https://ntfy.sh/`
2025-06-22 11:35:03,102 - INFO - Iniciando scrappeo a megacaribehabautopista.enzona.net
2025-06-22 11:35:04,394 - INFO - Productos encontrados: (CHICKEN SHRIMP FLAVOUR INSTANT NOODLES) SOPA INSTANTÁNEA DE FIDEOS S/CAMARÓN Y POLLO 65G M/REDBEAR M/,POLLO ENTERO 10 X 1700GR M/VIMA,(CHICKEN FLAVOUR INSTANT NOODLES) SOPA INSTANTÁNEA DE FIDEOS S/POLLO 65G M/REDBEAR M/
2025-06-22 11:35:04,394 - INFO - Notificando sobre los productos encontrados a `https://ntfy.sh/`
2025-06-22 11:35:12,755 - INFO - Iniciando scrappeo a megacaribehabautopista.enzona.net
2025-06-22 11:35:14,255 - INFO - Productos encontrados: POLLO ENTERO 10 X 1700GR M/VIMA,(CHICKEN FLAVOUR INSTANT NOODLES) SOPA INSTANTÁNEA DE FIDEOS S/POLLO 65G M/REDBEAR M/,(CHICKEN SHRIMP FLAVOUR INSTANT NOODLES) SOPA INSTANTÁNEA DE FIDEOS S/CAMARÓN Y POLLO 65G M/REDBEAR M/
2025-06-22 11:35:14,255 - INFO - Notificando sobre los productos encontrados a `https://ntfy.sh/`
2025-06-22 11:38:59,093 - INFO - Iniciando scrappeo a megacaribehabautopista.enzona.net
2025-06-22 11:39:00,018 - INFO - Productos encontrados: (CHICKEN FLAVOUR INSTANT NOODLES) SOPA INSTANTÁNEA DE FIDEOS S/POLLO 65G M/REDBEAR M/,POLLO ENTERO 10 X 1700GR M/VIMA,(CHICKEN SHRIMP FLAVOUR INSTANT NOODLES) SOPA INSTANTÁNEA DE FIDEOS S/CAMARÓN Y POLLO 65G M/REDBEAR M/
2025-06-22 11:39:00,018 - INFO - Notificando sobre los productos encontrados a `https://ntfy.sh/`
2025-06-22 11:39:15,121 - INFO - Iniciando scrappeo a megacaribehabautopista.enzona.net
2025-06-22 11:39:25,691 - ERROR - Algo salio mal en la request a https://megacaribehabautopista.enzona.net/: HTTPSConnectionPool(host='megacaribehabautopista.enzona.net', port=443): Read timed out. (read timeout=10)
2025-06-22 11:39:36,252 - INFO - Iniciando scrappeo a megacaribehabautopista.enzona.net
2025-06-22 11:39:36,870 - INFO - Productos encontrados: (CHICKEN SHRIMP FLAVOUR INSTANT NOODLES) SOPA INSTANTÁNEA DE FIDEOS S/CAMARÓN Y POLLO 65G M/REDBEAR M/,POLLO ENTERO 10 X 1700GR M/VIMA,(CHICKEN FLAVOUR INSTANT NOODLES) SOPA INSTANTÁNEA DE FIDEOS S/POLLO 65G M/REDBEAR M/
2025-06-22 11:39:36,870 - INFO - Notificando sobre los productos encontrados a `https://ntfy.sh/`
2025-06-22 11:40:04,993 - INFO - Iniciando scrappeo a megacaribehabautopista.enzona.net
2025-06-22 11:40:06,110 - INFO - Productos encontrados: (CHICKEN SHRIMP FLAVOUR INSTANT NOODLES) SOPA INSTANTÁNEA DE FIDEOS S/CAMARÓN Y POLLO 65G M/REDBEAR M/,(CHICKEN FLAVOUR INSTANT NOODLES) SOPA INSTANTÁNEA DE FIDEOS S/POLLO 65G M/REDBEAR M/,POLLO ENTERO 10 X 1700GR M/VIMA
2025-06-22 11:40:06,110 - INFO - Notificando sobre los productos encontrados a `https://ntfy.sh/`
